[1.073s] Invoking command in '/home/souhaila/turtle_ws/src/robot': PYTHONPATH=/home/souhaila/turtle_ws/build/robot/prefix_override:/usr/lib/python3/dist-packages/colcon_core/task/python/colcon_distutils_commands:/home/souhaila/turtle_ws/install/robot/lib/python3.10/site-packages:${PYTHONPATH} /usr/bin/python3 -W ignore:setup.py install is deprecated -W ignore:easy_install command is deprecated setup.py egg_info --egg-base ../../build/robot build --build-base /home/souhaila/turtle_ws/build/robot/build install --record /home/souhaila/turtle_ws/build/robot/install.log --single-version-externally-managed install_data
[1.419s] running egg_info
[1.419s] writing ../../build/robot/robot.egg-info/PKG-INFO
[1.419s] writing dependency_links to ../../build/robot/robot.egg-info/dependency_links.txt
[1.419s] writing entry points to ../../build/robot/robot.egg-info/entry_points.txt
[1.419s] writing requirements to ../../build/robot/robot.egg-info/requires.txt
[1.419s] writing top-level names to ../../build/robot/robot.egg-info/top_level.txt
[1.423s] reading manifest file '../../build/robot/robot.egg-info/SOURCES.txt'
[1.423s] writing manifest file '../../build/robot/robot.egg-info/SOURCES.txt'
[1.423s] running build
[1.423s] running build_py
[1.424s] running install
[1.424s] running install_lib
[1.425s] running install_data
[1.425s] running install_egg_info
[1.427s] removing '/home/souhaila/turtle_ws/install/robot/lib/python3.10/site-packages/robot-0.0.0-py3.10.egg-info' (and everything under it)
[1.428s] Copying ../../build/robot/robot.egg-info to /home/souhaila/turtle_ws/install/robot/lib/python3.10/site-packages/robot-0.0.0-py3.10.egg-info
[1.429s] running install_scripts
[1.463s] Installing robot_node script to /home/souhaila/turtle_ws/install/robot/lib/robot
[1.463s] writing list of installed files to '/home/souhaila/turtle_ws/build/robot/install.log'
[1.505s] Invoked command in '/home/souhaila/turtle_ws/src/robot' returned '0': PYTHONPATH=/home/souhaila/turtle_ws/build/robot/prefix_override:/usr/lib/python3/dist-packages/colcon_core/task/python/colcon_distutils_commands:/home/souhaila/turtle_ws/install/robot/lib/python3.10/site-packages:${PYTHONPATH} /usr/bin/python3 -W ignore:setup.py install is deprecated -W ignore:easy_install command is deprecated setup.py egg_info --egg-base ../../build/robot build --build-base /home/souhaila/turtle_ws/build/robot/build install --record /home/souhaila/turtle_ws/build/robot/install.log --single-version-externally-managed install_data
