[0.775s] Invoking command in '/home/souhaila/turtle_ws/src/robot': PYTHONPATH=/home/souhaila/turtle_ws/build/robot/prefix_override:/usr/lib/python3/dist-packages/colcon_core/task/python/colcon_distutils_commands:/home/souhaila/turtle_ws/install/robot/lib/python3.10/site-packages:${PYTHONPATH} /usr/bin/python3 -W ignore:setup.py install is deprecated -W ignore:easy_install command is deprecated setup.py egg_info --egg-base ../../build/robot build --build-base /home/souhaila/turtle_ws/build/robot/build install --record /home/souhaila/turtle_ws/build/robot/install.log --single-version-externally-managed install_data
[0.970s] running egg_info
[0.970s] writing ../../build/robot/robot.egg-info/PKG-INFO
[0.970s] writing dependency_links to ../../build/robot/robot.egg-info/dependency_links.txt
[0.971s] writing entry points to ../../build/robot/robot.egg-info/entry_points.txt
[0.971s] writing requirements to ../../build/robot/robot.egg-info/requires.txt
[0.972s] writing top-level names to ../../build/robot/robot.egg-info/top_level.txt
[0.983s] reading manifest file '../../build/robot/robot.egg-info/SOURCES.txt'
[0.983s] writing manifest file '../../build/robot/robot.egg-info/SOURCES.txt'
[0.983s] running build
[0.983s] running build_py
[0.983s] copying robot/robot_node.py -> /home/souhaila/turtle_ws/build/robot/build/lib/robot
[0.984s] running install
[0.984s] running install_lib
[0.986s] copying /home/souhaila/turtle_ws/build/robot/build/lib/robot/robot_node.py -> /home/souhaila/turtle_ws/install/robot/lib/python3.10/site-packages/robot
[0.987s] byte-compiling /home/souhaila/turtle_ws/install/robot/lib/python3.10/site-packages/robot/robot_node.py to robot_node.cpython-310.pyc
[0.989s] running install_data
[0.989s] running install_egg_info
[0.991s] removing '/home/souhaila/turtle_ws/install/robot/lib/python3.10/site-packages/robot-0.0.0-py3.10.egg-info' (and everything under it)
[0.992s] Copying ../../build/robot/robot.egg-info to /home/souhaila/turtle_ws/install/robot/lib/python3.10/site-packages/robot-0.0.0-py3.10.egg-info
[0.993s] running install_scripts
[1.011s] Installing robot_node script to /home/souhaila/turtle_ws/install/robot/lib/robot
[1.012s] writing list of installed files to '/home/souhaila/turtle_ws/build/robot/install.log'
[1.039s] Invoked command in '/home/souhaila/turtle_ws/src/robot' returned '0': PYTHONPATH=/home/souhaila/turtle_ws/build/robot/prefix_override:/usr/lib/python3/dist-packages/colcon_core/task/python/colcon_distutils_commands:/home/souhaila/turtle_ws/install/robot/lib/python3.10/site-packages:${PYTHONPATH} /usr/bin/python3 -W ignore:setup.py install is deprecated -W ignore:easy_install command is deprecated setup.py egg_info --egg-base ../../build/robot build --build-base /home/souhaila/turtle_ws/build/robot/build install --record /home/souhaila/turtle_ws/build/robot/install.log --single-version-externally-managed install_data
