[3.537s] Invoking command in '/home/souhaila/turtle_ws/src/robot': PYTHONPATH=/home/souhaila/turtle_ws/build/robot/prefix_override:/usr/lib/python3/dist-packages/colcon_core/task/python/colcon_distutils_commands:/home/souhaila/turtle_ws/install/robot/lib/python3.10/site-packages:${PYTHONPATH} /usr/bin/python3 -W ignore:setup.py install is deprecated -W ignore:easy_install command is deprecated setup.py egg_info --egg-base ../../build/robot build --build-base /home/souhaila/turtle_ws/build/robot/build install --record /home/souhaila/turtle_ws/build/robot/install.log --single-version-externally-managed install_data
[3.933s] running egg_info
[3.945s] writing ../../build/robot/robot.egg-info/PKG-INFO
[3.945s] writing dependency_links to ../../build/robot/robot.egg-info/dependency_links.txt
[3.945s] writing entry points to ../../build/robot/robot.egg-info/entry_points.txt
[4.009s] writing requirements to ../../build/robot/robot.egg-info/requires.txt
[4.009s] writing top-level names to ../../build/robot/robot.egg-info/top_level.txt
[4.022s] reading manifest file '../../build/robot/robot.egg-info/SOURCES.txt'
[4.046s] writing manifest file '../../build/robot/robot.egg-info/SOURCES.txt'
[4.073s] running build
[4.074s] running build_py
[4.074s] running install
[4.074s] running install_lib
[4.087s] running install_data
[4.088s] running install_egg_info
[4.147s] removing '/home/souhaila/turtle_ws/install/robot/lib/python3.10/site-packages/robot-0.0.0-py3.10.egg-info' (and everything under it)
[4.159s] Copying ../../build/robot/robot.egg-info to /home/souhaila/turtle_ws/install/robot/lib/python3.10/site-packages/robot-0.0.0-py3.10.egg-info
[4.159s] running install_scripts
[4.340s] Installing robot_node script to /home/souhaila/turtle_ws/install/robot/lib/robot
[4.340s] Installing traffic_light script to /home/souhaila/turtle_ws/install/robot/lib/robot
[4.340s] writing list of installed files to '/home/souhaila/turtle_ws/build/robot/install.log'
[4.448s] Invoked command in '/home/souhaila/turtle_ws/src/robot' returned '0': PYTHONPATH=/home/souhaila/turtle_ws/build/robot/prefix_override:/usr/lib/python3/dist-packages/colcon_core/task/python/colcon_distutils_commands:/home/souhaila/turtle_ws/install/robot/lib/python3.10/site-packages:${PYTHONPATH} /usr/bin/python3 -W ignore:setup.py install is deprecated -W ignore:easy_install command is deprecated setup.py egg_info --egg-base ../../build/robot build --build-base /home/souhaila/turtle_ws/build/robot/build install --record /home/souhaila/turtle_ws/build/robot/install.log --single-version-externally-managed install_data
