[1.555s] Invoking command in '/home/souhaila/turtle_ws/src/robot': PYTHONPATH=/home/souhaila/turtle_ws/build/robot/prefix_override:/usr/lib/python3/dist-packages/colcon_core/task/python/colcon_distutils_commands:/home/souhaila/turtle_ws/install/robot/lib/python3.10/site-packages:${PYTHONPATH} /usr/bin/python3 -W ignore:setup.py install is deprecated -W ignore:easy_install command is deprecated setup.py egg_info --egg-base ../../build/robot build --build-base /home/souhaila/turtle_ws/build/robot/build install --record /home/souhaila/turtle_ws/build/robot/install.log --single-version-externally-managed install_data
[1.984s] running egg_info
[1.986s] writing ../../build/robot/robot.egg-info/PKG-INFO
[1.997s] writing dependency_links to ../../build/robot/robot.egg-info/dependency_links.txt
[1.998s] writing entry points to ../../build/robot/robot.egg-info/entry_points.txt
[2.000s] writing requirements to ../../build/robot/robot.egg-info/requires.txt
[2.000s] writing top-level names to ../../build/robot/robot.egg-info/top_level.txt
[2.004s] reading manifest file '../../build/robot/robot.egg-info/SOURCES.txt'
[2.008s] writing manifest file '../../build/robot/robot.egg-info/SOURCES.txt'
[2.009s] running build
[2.009s] running build_py
[2.013s] copying robot/robot_node.py -> /home/souhaila/turtle_ws/build/robot/build/lib/robot
[2.017s] running install
[2.017s] running install_lib
[2.018s] copying /home/souhaila/turtle_ws/build/robot/build/lib/robot/robot_node.py -> /home/souhaila/turtle_ws/install/robot/lib/python3.10/site-packages/robot
[2.020s] byte-compiling /home/souhaila/turtle_ws/install/robot/lib/python3.10/site-packages/robot/robot_node.py to robot_node.cpython-310.pyc
[2.024s] running install_data
[2.026s] running install_egg_info
[2.031s] removing '/home/souhaila/turtle_ws/install/robot/lib/python3.10/site-packages/robot-0.0.0-py3.10.egg-info' (and everything under it)
[2.048s] Copying ../../build/robot/robot.egg-info to /home/souhaila/turtle_ws/install/robot/lib/python3.10/site-packages/robot-0.0.0-py3.10.egg-info
[2.088s] running install_scripts
[2.088s] Installing robot_node script to /home/souhaila/turtle_ws/install/robot/lib/robot
[2.091s] writing list of installed files to '/home/souhaila/turtle_ws/build/robot/install.log'
[2.133s] Invoked command in '/home/souhaila/turtle_ws/src/robot' returned '0': PYTHONPATH=/home/souhaila/turtle_ws/build/robot/prefix_override:/usr/lib/python3/dist-packages/colcon_core/task/python/colcon_distutils_commands:/home/souhaila/turtle_ws/install/robot/lib/python3.10/site-packages:${PYTHONPATH} /usr/bin/python3 -W ignore:setup.py install is deprecated -W ignore:easy_install command is deprecated setup.py egg_info --egg-base ../../build/robot build --build-base /home/souhaila/turtle_ws/build/robot/build install --record /home/souhaila/turtle_ws/build/robot/install.log --single-version-externally-managed install_data
