[2.943s] Invoking command in '/home/souhaila/turtle_ws/src/robot': PYTHONPATH=/home/souhaila/turtle_ws/build/robot/prefix_override:/usr/lib/python3/dist-packages/colcon_core/task/python/colcon_distutils_commands:/home/souhaila/turtle_ws/install/robot/lib/python3.10/site-packages:${PYTHONPATH} /usr/bin/python3 -W ignore:setup.py install is deprecated -W ignore:easy_install command is deprecated setup.py egg_info --egg-base ../../build/robot build --build-base /home/souhaila/turtle_ws/build/robot/build install --record /home/souhaila/turtle_ws/build/robot/install.log --single-version-externally-managed install_data
[3.997s] running egg_info
[4.001s] writing ../../build/robot/robot.egg-info/PKG-INFO
[4.002s] writing dependency_links to ../../build/robot/robot.egg-info/dependency_links.txt
[4.002s] writing entry points to ../../build/robot/robot.egg-info/entry_points.txt
[4.004s] writing requirements to ../../build/robot/robot.egg-info/requires.txt
[4.004s] writing top-level names to ../../build/robot/robot.egg-info/top_level.txt
[4.007s] reading manifest file '../../build/robot/robot.egg-info/SOURCES.txt'
[4.013s] writing manifest file '../../build/robot/robot.egg-info/SOURCES.txt'
[4.033s] running build
[4.045s] running build_py
[4.060s] running install
[4.060s] running install_lib
[4.060s] running install_data
[4.060s] running install_egg_info
[4.061s] removing '/home/souhaila/turtle_ws/install/robot/lib/python3.10/site-packages/robot-0.0.0-py3.10.egg-info' (and everything under it)
[4.061s] Copying ../../build/robot/robot.egg-info to /home/souhaila/turtle_ws/install/robot/lib/python3.10/site-packages/robot-0.0.0-py3.10.egg-info
[4.064s] running install_scripts
[4.223s] Installing robot_node script to /home/souhaila/turtle_ws/install/robot/lib/robot
[4.225s] Installing traffic_light script to /home/souhaila/turtle_ws/install/robot/lib/robot
[4.225s] writing list of installed files to '/home/souhaila/turtle_ws/build/robot/install.log'
[4.376s] Invoked command in '/home/souhaila/turtle_ws/src/robot' returned '0': PYTHONPATH=/home/souhaila/turtle_ws/build/robot/prefix_override:/usr/lib/python3/dist-packages/colcon_core/task/python/colcon_distutils_commands:/home/souhaila/turtle_ws/install/robot/lib/python3.10/site-packages:${PYTHONPATH} /usr/bin/python3 -W ignore:setup.py install is deprecated -W ignore:easy_install command is deprecated setup.py egg_info --egg-base ../../build/robot build --build-base /home/souhaila/turtle_ws/build/robot/build install --record /home/souhaila/turtle_ws/build/robot/install.log --single-version-externally-managed install_data
