[3.508s] Invoking command in '/home/souhaila/turtle_ws/src/robot': PYTHONPATH=/home/souhaila/turtle_ws/build/robot/prefix_override:/usr/lib/python3/dist-packages/colcon_core/task/python/colcon_distutils_commands:/home/souhaila/turtle_ws/install/robot/lib/python3.10/site-packages:${PYTHONPATH} /usr/bin/python3 -W ignore:setup.py install is deprecated -W ignore:easy_install command is deprecated setup.py egg_info --egg-base ../../build/robot build --build-base /home/souhaila/turtle_ws/build/robot/build install --record /home/souhaila/turtle_ws/build/robot/install.log --single-version-externally-managed install_data
[4.782s] running egg_info
[4.786s] writing ../../build/robot/robot.egg-info/PKG-INFO
[4.807s] writing dependency_links to ../../build/robot/robot.egg-info/dependency_links.txt
[4.808s] writing entry points to ../../build/robot/robot.egg-info/entry_points.txt
[4.808s] writing requirements to ../../build/robot/robot.egg-info/requires.txt
[4.809s] writing top-level names to ../../build/robot/robot.egg-info/top_level.txt
[4.809s] reading manifest file '../../build/robot/robot.egg-info/SOURCES.txt'
[4.809s] writing manifest file '../../build/robot/robot.egg-info/SOURCES.txt'
[4.809s] running build
[4.814s] running build_py
[4.814s] running install
[4.833s] running install_lib
[4.833s] running install_data
[4.834s] running install_egg_info
[4.838s] removing '/home/souhaila/turtle_ws/install/robot/lib/python3.10/site-packages/robot-0.0.0-py3.10.egg-info' (and everything under it)
[4.839s] Copying ../../build/robot/robot.egg-info to /home/souhaila/turtle_ws/install/robot/lib/python3.10/site-packages/robot-0.0.0-py3.10.egg-info
[4.867s] running install_scripts
[5.009s] Installing move script to /home/souhaila/turtle_ws/install/robot/lib/robot
[5.009s] Installing robot_node script to /home/souhaila/turtle_ws/install/robot/lib/robot
[5.011s] writing list of installed files to '/home/souhaila/turtle_ws/build/robot/install.log'
[5.182s] Invoked command in '/home/souhaila/turtle_ws/src/robot' returned '0': PYTHONPATH=/home/souhaila/turtle_ws/build/robot/prefix_override:/usr/lib/python3/dist-packages/colcon_core/task/python/colcon_distutils_commands:/home/souhaila/turtle_ws/install/robot/lib/python3.10/site-packages:${PYTHONPATH} /usr/bin/python3 -W ignore:setup.py install is deprecated -W ignore:easy_install command is deprecated setup.py egg_info --egg-base ../../build/robot build --build-base /home/souhaila/turtle_ws/build/robot/build install --record /home/souhaila/turtle_ws/build/robot/install.log --single-version-externally-managed install_data
