[3.128s] Invoking command in '/home/souhaila/turtle_ws/src/robot': PYTHONPATH=/home/souhaila/turtle_ws/build/robot/prefix_override:/usr/lib/python3/dist-packages/colcon_core/task/python/colcon_distutils_commands:/home/souhaila/turtle_ws/install/robot/lib/python3.10/site-packages:${PYTHONPATH} /usr/bin/python3 -W ignore:setup.py install is deprecated -W ignore:easy_install command is deprecated setup.py egg_info --egg-base ../../build/robot build --build-base /home/souhaila/turtle_ws/build/robot/build install --record /home/souhaila/turtle_ws/build/robot/install.log --single-version-externally-managed install_data
[3.597s] running egg_info
[3.600s] writing ../../build/robot/robot.egg-info/PKG-INFO
[3.601s] writing dependency_links to ../../build/robot/robot.egg-info/dependency_links.txt
[3.602s] writing entry points to ../../build/robot/robot.egg-info/entry_points.txt
[3.603s] writing requirements to ../../build/robot/robot.egg-info/requires.txt
[3.603s] writing top-level names to ../../build/robot/robot.egg-info/top_level.txt
[3.615s] reading manifest file '../../build/robot/robot.egg-info/SOURCES.txt'
[3.615s] writing manifest file '../../build/robot/robot.egg-info/SOURCES.txt'
[3.615s] running build
[3.615s] running build_py
[3.618s] running install
[3.619s] running install_lib
[3.629s] running install_data
[3.630s] running install_egg_info
[3.637s] removing '/home/souhaila/turtle_ws/install/robot/lib/python3.10/site-packages/robot-0.0.0-py3.10.egg-info' (and everything under it)
[3.674s] Copying ../../build/robot/robot.egg-info to /home/souhaila/turtle_ws/install/robot/lib/python3.10/site-packages/robot-0.0.0-py3.10.egg-info
[3.675s] running install_scripts
[3.752s] Installing robot_node script to /home/souhaila/turtle_ws/install/robot/lib/robot
[3.752s] Installing traffic_light script to /home/souhaila/turtle_ws/install/robot/lib/robot
[3.766s] writing list of installed files to '/home/souhaila/turtle_ws/build/robot/install.log'
[3.874s] Invoked command in '/home/souhaila/turtle_ws/src/robot' returned '0': PYTHONPATH=/home/souhaila/turtle_ws/build/robot/prefix_override:/usr/lib/python3/dist-packages/colcon_core/task/python/colcon_distutils_commands:/home/souhaila/turtle_ws/install/robot/lib/python3.10/site-packages:${PYTHONPATH} /usr/bin/python3 -W ignore:setup.py install is deprecated -W ignore:easy_install command is deprecated setup.py egg_info --egg-base ../../build/robot build --build-base /home/souhaila/turtle_ws/build/robot/build install --record /home/souhaila/turtle_ws/build/robot/install.log --single-version-externally-managed install_data
