[1.544s] Invoking command in '/home/souhaila/turtle_ws/src/robot': PYTHONPATH=/home/souhaila/turtle_ws/build/robot/prefix_override:/usr/lib/python3/dist-packages/colcon_core/task/python/colcon_distutils_commands:/home/souhaila/turtle_ws/install/robot/lib/python3.10/site-packages:${PYTHONPATH} /usr/bin/python3 -W ignore:setup.py install is deprecated -W ignore:easy_install command is deprecated setup.py egg_info --egg-base ../../build/robot build --build-base /home/souhaila/turtle_ws/build/robot/build install --record /home/souhaila/turtle_ws/build/robot/install.log --single-version-externally-managed install_data
[2.035s] running egg_info
[2.036s] writing ../../build/robot/robot.egg-info/PKG-INFO
[2.052s] writing dependency_links to ../../build/robot/robot.egg-info/dependency_links.txt
[2.078s] writing entry points to ../../build/robot/robot.egg-info/entry_points.txt
[2.080s] writing requirements to ../../build/robot/robot.egg-info/requires.txt
[2.083s] writing top-level names to ../../build/robot/robot.egg-info/top_level.txt
[2.126s] reading manifest file '../../build/robot/robot.egg-info/SOURCES.txt'
[2.147s] writing manifest file '../../build/robot/robot.egg-info/SOURCES.txt'
[2.149s] running build
[2.160s] running build_py
[2.162s] running install
[2.163s] running install_lib
[2.165s] running install_data
[2.166s] running install_egg_info
[2.174s] removing '/home/souhaila/turtle_ws/install/robot/lib/python3.10/site-packages/robot-0.0.0-py3.10.egg-info' (and everything under it)
[2.174s] Copying ../../build/robot/robot.egg-info to /home/souhaila/turtle_ws/install/robot/lib/python3.10/site-packages/robot-0.0.0-py3.10.egg-info
[2.175s] running install_scripts
[2.253s] Installing robot_node script to /home/souhaila/turtle_ws/install/robot/lib/robot
[2.254s] Installing traffic_light script to /home/souhaila/turtle_ws/install/robot/lib/robot
[2.254s] writing list of installed files to '/home/souhaila/turtle_ws/build/robot/install.log'
[2.425s] Invoked command in '/home/souhaila/turtle_ws/src/robot' returned '0': PYTHONPATH=/home/souhaila/turtle_ws/build/robot/prefix_override:/usr/lib/python3/dist-packages/colcon_core/task/python/colcon_distutils_commands:/home/souhaila/turtle_ws/install/robot/lib/python3.10/site-packages:${PYTHONPATH} /usr/bin/python3 -W ignore:setup.py install is deprecated -W ignore:easy_install command is deprecated setup.py egg_info --egg-base ../../build/robot build --build-base /home/souhaila/turtle_ws/build/robot/build install --record /home/souhaila/turtle_ws/build/robot/install.log --single-version-externally-managed install_data
