[0.231s] DEBUG:colcon:Command line arguments: ['/usr/bin/colcon', 'build']
[0.231s] DEBUG:colcon:Parsed command line arguments: Namespace(log_base=None, log_level=None, verb_name='build', build_base='build', install_base='install', merge_install=False, symlink_install=False, test_result_base=None, continue_on_error=False, executor='parallel', parallel_workers=4, event_handlers=None, ignore_user_meta=False, metas=['./colcon.meta'], base_paths=['.'], packages_ignore=None, packages_ignore_regex=None, paths=None, packages_up_to=None, packages_up_to_regex=None, packages_above=None, packages_above_and_dependencies=None, packages_above_depth=None, packages_select_by_dep=None, packages_skip_by_dep=None, packages_skip_up_to=None, packages_select_build_failed=False, packages_skip_build_finished=False, packages_select_test_failures=False, packages_skip_test_passed=False, packages_select=None, packages_skip=None, packages_select_regex=None, packages_skip_regex=None, packages_start=None, packages_end=None, allow_overriding=[], cmake_args=None, cmake_target=None, cmake_target_skip_unavailable=False, cmake_clean_cache=False, cmake_clean_first=False, cmake_force_configure=False, ament_cmake_args=None, catkin_cmake_args=None, catkin_skip_building_tests=False, mixin_files=None, mixin=None, verb_parser=<colcon_mixin.mixin.mixin_argument.MixinArgumentDecorator object at 0x7aacf5e5b340>, verb_extension=<colcon_core.verb.build.BuildVerb object at 0x7aacf5e5ace0>, main=<bound method BuildVerb.main of <colcon_core.verb.build.BuildVerb object at 0x7aacf5e5ace0>>, mixin_verb=('build',))
[0.567s] Level 1:colcon.colcon_core.package_discovery:discover_packages(colcon_meta) check parameters
[0.567s] Level 1:colcon.colcon_core.package_discovery:discover_packages(recursive) check parameters
[0.567s] Level 1:colcon.colcon_core.package_discovery:discover_packages(ignore) check parameters
[0.567s] Level 1:colcon.colcon_core.package_discovery:discover_packages(path) check parameters
[0.567s] Level 1:colcon.colcon_core.package_discovery:discover_packages(colcon_meta) discover
[0.567s] Level 1:colcon.colcon_core.package_discovery:discover_packages(recursive) discover
[0.567s] INFO:colcon.colcon_core.package_discovery:Crawling recursively for packages in '/home/souhaila/turtle_ws'
[0.567s] Level 1:colcon.colcon_core.package_identification:_identify(.) by extensions ['ignore', 'ignore_ament_install']
[0.568s] Level 1:colcon.colcon_core.package_identification:_identify(.) by extension 'ignore'
[0.568s] Level 1:colcon.colcon_core.package_identification:_identify(.) by extension 'ignore_ament_install'
[0.568s] Level 1:colcon.colcon_core.package_identification:_identify(.) by extensions ['colcon_pkg']
[0.568s] Level 1:colcon.colcon_core.package_identification:_identify(.) by extension 'colcon_pkg'
[0.568s] Level 1:colcon.colcon_core.package_identification:_identify(.) by extensions ['colcon_meta']
[0.568s] Level 1:colcon.colcon_core.package_identification:_identify(.) by extension 'colcon_meta'
[0.568s] Level 1:colcon.colcon_core.package_identification:_identify(.) by extensions ['ros']
[0.568s] Level 1:colcon.colcon_core.package_identification:_identify(.) by extension 'ros'
[0.600s] Level 1:colcon.colcon_core.package_identification:_identify(.) by extensions ['cmake', 'python']
[0.600s] Level 1:colcon.colcon_core.package_identification:_identify(.) by extension 'cmake'
[0.600s] Level 1:colcon.colcon_core.package_identification:_identify(.) by extension 'python'
[0.600s] Level 1:colcon.colcon_core.package_identification:_identify(.) by extensions ['python_setup_py']
[0.600s] Level 1:colcon.colcon_core.package_identification:_identify(.) by extension 'python_setup_py'
[0.601s] Level 1:colcon.colcon_core.package_identification:_identify(build) by extensions ['ignore', 'ignore_ament_install']
[0.601s] Level 1:colcon.colcon_core.package_identification:_identify(build) by extension 'ignore'
[0.601s] Level 1:colcon.colcon_core.package_identification:_identify(build) ignored
[0.601s] Level 1:colcon.colcon_core.package_identification:_identify(install) by extensions ['ignore', 'ignore_ament_install']
[0.601s] Level 1:colcon.colcon_core.package_identification:_identify(install) by extension 'ignore'
[0.601s] Level 1:colcon.colcon_core.package_identification:_identify(install) ignored
[0.601s] Level 1:colcon.colcon_core.package_identification:_identify(log) by extensions ['ignore', 'ignore_ament_install']
[0.601s] Level 1:colcon.colcon_core.package_identification:_identify(log) by extension 'ignore'
[0.601s] Level 1:colcon.colcon_core.package_identification:_identify(log) ignored
[0.601s] Level 1:colcon.colcon_core.package_identification:_identify(src) by extensions ['ignore', 'ignore_ament_install']
[0.602s] Level 1:colcon.colcon_core.package_identification:_identify(src) by extension 'ignore'
[0.602s] Level 1:colcon.colcon_core.package_identification:_identify(src) by extension 'ignore_ament_install'
[0.602s] Level 1:colcon.colcon_core.package_identification:_identify(src) by extensions ['colcon_pkg']
[0.602s] Level 1:colcon.colcon_core.package_identification:_identify(src) by extension 'colcon_pkg'
[0.602s] Level 1:colcon.colcon_core.package_identification:_identify(src) by extensions ['colcon_meta']
[0.602s] Level 1:colcon.colcon_core.package_identification:_identify(src) by extension 'colcon_meta'
[0.602s] Level 1:colcon.colcon_core.package_identification:_identify(src) by extensions ['ros']
[0.602s] Level 1:colcon.colcon_core.package_identification:_identify(src) by extension 'ros'
[0.602s] Level 1:colcon.colcon_core.package_identification:_identify(src) by extensions ['cmake', 'python']
[0.602s] Level 1:colcon.colcon_core.package_identification:_identify(src) by extension 'cmake'
[0.602s] Level 1:colcon.colcon_core.package_identification:_identify(src) by extension 'python'
[0.602s] Level 1:colcon.colcon_core.package_identification:_identify(src) by extensions ['python_setup_py']
[0.602s] Level 1:colcon.colcon_core.package_identification:_identify(src) by extension 'python_setup_py'
[0.603s] Level 1:colcon.colcon_core.package_identification:_identify(src/robot) by extensions ['ignore', 'ignore_ament_install']
[0.603s] Level 1:colcon.colcon_core.package_identification:_identify(src/robot) by extension 'ignore'
[0.603s] Level 1:colcon.colcon_core.package_identification:_identify(src/robot) by extension 'ignore_ament_install'
[0.603s] Level 1:colcon.colcon_core.package_identification:_identify(src/robot) by extensions ['colcon_pkg']
[0.603s] Level 1:colcon.colcon_core.package_identification:_identify(src/robot) by extension 'colcon_pkg'
[0.603s] Level 1:colcon.colcon_core.package_identification:_identify(src/robot) by extensions ['colcon_meta']
[0.604s] Level 1:colcon.colcon_core.package_identification:_identify(src/robot) by extension 'colcon_meta'
[0.604s] Level 1:colcon.colcon_core.package_identification:_identify(src/robot) by extensions ['ros']
[0.604s] Level 1:colcon.colcon_core.package_identification:_identify(src/robot) by extension 'ros'
[0.609s] DEBUG:colcon.colcon_core.package_identification:Package 'src/robot' with type 'ros.ament_python' and name 'robot'
[0.609s] Level 1:colcon.colcon_core.package_discovery:discover_packages(recursive) using defaults
[0.630s] Level 1:colcon.colcon_core.package_discovery:discover_packages(ignore) discover
[0.630s] Level 1:colcon.colcon_core.package_discovery:discover_packages(ignore) using defaults
[0.630s] Level 1:colcon.colcon_core.package_discovery:discover_packages(path) discover
[0.630s] Level 1:colcon.colcon_core.package_discovery:discover_packages(path) using defaults
[0.672s] Level 1:colcon.colcon_core.package_discovery:discover_packages(prefix_path) check parameters
[0.672s] Level 1:colcon.colcon_core.package_discovery:discover_packages(prefix_path) discover
[0.679s] DEBUG:colcon.colcon_installed_package_information.package_discovery:Found 1 installed packages in /home/souhaila/turtle_ws/install
[0.687s] DEBUG:colcon.colcon_installed_package_information.package_discovery:Found 413 installed packages in /opt/ros/humble
[0.690s] Level 1:colcon.colcon_core.package_discovery:discover_packages(prefix_path) using defaults
[0.803s] Level 5:colcon.colcon_core.verb:set package 'robot' build argument 'cmake_args' from command line to 'None'
[0.804s] Level 5:colcon.colcon_core.verb:set package 'robot' build argument 'cmake_target' from command line to 'None'
[0.804s] Level 5:colcon.colcon_core.verb:set package 'robot' build argument 'cmake_target_skip_unavailable' from command line to 'False'
[0.804s] Level 5:colcon.colcon_core.verb:set package 'robot' build argument 'cmake_clean_cache' from command line to 'False'
[0.804s] Level 5:colcon.colcon_core.verb:set package 'robot' build argument 'cmake_clean_first' from command line to 'False'
[0.804s] Level 5:colcon.colcon_core.verb:set package 'robot' build argument 'cmake_force_configure' from command line to 'False'
[0.804s] Level 5:colcon.colcon_core.verb:set package 'robot' build argument 'ament_cmake_args' from command line to 'None'
[0.804s] Level 5:colcon.colcon_core.verb:set package 'robot' build argument 'catkin_cmake_args' from command line to 'None'
[0.804s] Level 5:colcon.colcon_core.verb:set package 'robot' build argument 'catkin_skip_building_tests' from command line to 'False'
[0.804s] DEBUG:colcon.colcon_core.verb:Building package 'robot' with the following arguments: {'ament_cmake_args': None, 'build_base': '/home/souhaila/turtle_ws/build/robot', 'catkin_cmake_args': None, 'catkin_skip_building_tests': False, 'cmake_args': None, 'cmake_clean_cache': False, 'cmake_clean_first': False, 'cmake_force_configure': False, 'cmake_target': None, 'cmake_target_skip_unavailable': False, 'install_base': '/home/souhaila/turtle_ws/install/robot', 'merge_install': False, 'path': '/home/souhaila/turtle_ws/src/robot', 'symlink_install': False, 'test_result_base': None}
[0.804s] INFO:colcon.colcon_core.executor:Executing jobs using 'parallel' executor
[0.832s] DEBUG:colcon.colcon_parallel_executor.executor.parallel:run_until_complete
[0.835s] INFO:colcon.colcon_ros.task.ament_python.build:Building ROS package in '/home/souhaila/turtle_ws/src/robot' with build type 'ament_python'
[0.892s] Level 1:colcon.colcon_core.shell:create_environment_hook('robot', 'ament_prefix_path')
[0.927s] INFO:colcon.colcon_core.plugin_system:Skipping extension 'colcon_core.shell.bat': Not used on non-Windows systems
[0.929s] INFO:colcon.colcon_core.shell:Creating environment hook '/home/souhaila/turtle_ws/install/robot/share/robot/hook/ament_prefix_path.ps1'
[1.097s] INFO:colcon.colcon_core.shell:Creating environment descriptor '/home/souhaila/turtle_ws/install/robot/share/robot/hook/ament_prefix_path.dsv'
[1.128s] INFO:colcon.colcon_core.shell:Creating environment hook '/home/souhaila/turtle_ws/install/robot/share/robot/hook/ament_prefix_path.sh'
[1.131s] INFO:colcon.colcon_core.shell:Skip shell extension 'powershell' for command environment: Not usable outside of PowerShell
[1.132s] DEBUG:colcon.colcon_core.shell:Skip shell extension 'dsv' for command environment
[2.430s] INFO:colcon.colcon_core.task.python.build:Building Python package in '/home/souhaila/turtle_ws/src/robot'
[2.431s] INFO:colcon.colcon_core.shell:Skip shell extension 'powershell' for command environment: Not usable outside of PowerShell
[2.431s] DEBUG:colcon.colcon_core.shell:Skip shell extension 'dsv' for command environment
[4.397s] DEBUG:colcon.colcon_core.event_handler.log_command:Invoking command in '/home/souhaila/turtle_ws/src/robot': PYTHONPATH=/home/souhaila/turtle_ws/build/robot/prefix_override:/usr/lib/python3/dist-packages/colcon_core/task/python/colcon_distutils_commands:/home/souhaila/turtle_ws/install/robot/lib/python3.10/site-packages:${PYTHONPATH} /usr/bin/python3 -W ignore:setup.py install is deprecated -W ignore:easy_install command is deprecated setup.py egg_info --egg-base ../../build/robot build --build-base /home/souhaila/turtle_ws/build/robot/build install --record /home/souhaila/turtle_ws/build/robot/install.log --single-version-externally-managed install_data
[6.071s] DEBUG:colcon.colcon_core.event_handler.log_command:Invoked command in '/home/souhaila/turtle_ws/src/robot' returned '0': PYTHONPATH=/home/souhaila/turtle_ws/build/robot/prefix_override:/usr/lib/python3/dist-packages/colcon_core/task/python/colcon_distutils_commands:/home/souhaila/turtle_ws/install/robot/lib/python3.10/site-packages:${PYTHONPATH} /usr/bin/python3 -W ignore:setup.py install is deprecated -W ignore:easy_install command is deprecated setup.py egg_info --egg-base ../../build/robot build --build-base /home/souhaila/turtle_ws/build/robot/build install --record /home/souhaila/turtle_ws/build/robot/install.log --single-version-externally-managed install_data
[6.087s] Level 1:colcon.colcon_core.environment:checking '/home/souhaila/turtle_ws/install/robot' for CMake module files
[6.090s] Level 1:colcon.colcon_core.environment:checking '/home/souhaila/turtle_ws/install/robot' for CMake config files
[6.100s] Level 1:colcon.colcon_core.environment:checking '/home/souhaila/turtle_ws/install/robot/lib'
[6.102s] Level 1:colcon.colcon_core.environment:checking '/home/souhaila/turtle_ws/install/robot/bin'
[6.103s] Level 1:colcon.colcon_core.environment:checking '/home/souhaila/turtle_ws/install/robot/lib/pkgconfig/robot.pc'
[6.105s] Level 1:colcon.colcon_core.environment:checking '/home/souhaila/turtle_ws/install/robot/lib/python3.10/site-packages'
[6.106s] Level 1:colcon.colcon_core.shell:create_environment_hook('robot', 'pythonpath')
[6.106s] INFO:colcon.colcon_core.shell:Creating environment hook '/home/souhaila/turtle_ws/install/robot/share/robot/hook/pythonpath.ps1'
[6.108s] INFO:colcon.colcon_core.shell:Creating environment descriptor '/home/souhaila/turtle_ws/install/robot/share/robot/hook/pythonpath.dsv'
[6.118s] INFO:colcon.colcon_core.shell:Creating environment hook '/home/souhaila/turtle_ws/install/robot/share/robot/hook/pythonpath.sh'
[6.125s] Level 1:colcon.colcon_core.environment:checking '/home/souhaila/turtle_ws/install/robot/bin'
[6.127s] Level 1:colcon.colcon_core.environment:create_environment_scripts_only(robot)
[6.128s] INFO:colcon.colcon_core.shell:Creating package script '/home/souhaila/turtle_ws/install/robot/share/robot/package.ps1'
[6.131s] INFO:colcon.colcon_core.shell:Creating package descriptor '/home/souhaila/turtle_ws/install/robot/share/robot/package.dsv'
[6.171s] INFO:colcon.colcon_core.shell:Creating package script '/home/souhaila/turtle_ws/install/robot/share/robot/package.sh'
[6.197s] INFO:colcon.colcon_core.shell:Creating package script '/home/souhaila/turtle_ws/install/robot/share/robot/package.bash'
[6.206s] INFO:colcon.colcon_core.shell:Creating package script '/home/souhaila/turtle_ws/install/robot/share/robot/package.zsh'
[6.214s] Level 1:colcon.colcon_core.environment:create_file_with_runtime_dependencies(/home/souhaila/turtle_ws/install/robot/share/colcon-core/packages/robot)
[6.218s] DEBUG:colcon.colcon_parallel_executor.executor.parallel:closing loop
[6.227s] DEBUG:colcon.colcon_parallel_executor.executor.parallel:loop closed
[6.228s] DEBUG:colcon.colcon_parallel_executor.executor.parallel:run_until_complete finished with '0'
[6.229s] DEBUG:colcon.colcon_core.event_reactor:joining thread
[6.292s] INFO:colcon.colcon_core.plugin_system:Skipping extension 'colcon_notification.desktop_notification.terminal_notifier': Not used on non-Darwin systems
[6.292s] INFO:colcon.colcon_core.plugin_system:Skipping extension 'colcon_notification.desktop_notification.win32': Not used on non-Windows systems
[6.292s] INFO:colcon.colcon_notification.desktop_notification:Sending desktop notification using 'notify2'
[6.399s] DEBUG:colcon.colcon_core.event_reactor:joined thread
[6.400s] INFO:colcon.colcon_core.shell:Creating prefix script '/home/souhaila/turtle_ws/install/local_setup.ps1'
[6.403s] INFO:colcon.colcon_core.shell:Creating prefix util module '/home/souhaila/turtle_ws/install/_local_setup_util_ps1.py'
[6.456s] INFO:colcon.colcon_core.shell:Creating prefix chain script '/home/souhaila/turtle_ws/install/setup.ps1'
[6.458s] INFO:colcon.colcon_core.shell:Creating prefix script '/home/souhaila/turtle_ws/install/local_setup.sh'
[6.460s] INFO:colcon.colcon_core.shell:Creating prefix util module '/home/souhaila/turtle_ws/install/_local_setup_util_sh.py'
[6.467s] INFO:colcon.colcon_core.shell:Creating prefix chain script '/home/souhaila/turtle_ws/install/setup.sh'
[6.479s] INFO:colcon.colcon_core.shell:Creating prefix script '/home/souhaila/turtle_ws/install/local_setup.bash'
[6.492s] INFO:colcon.colcon_core.shell:Creating prefix chain script '/home/souhaila/turtle_ws/install/setup.bash'
[6.497s] INFO:colcon.colcon_core.shell:Creating prefix script '/home/souhaila/turtle_ws/install/local_setup.zsh'
[6.499s] INFO:colcon.colcon_core.shell:Creating prefix chain script '/home/souhaila/turtle_ws/install/setup.zsh'
