[1.182s] Invoking command in '/home/souhaila/turtle_ws/src/robot': PYTHONPATH=/home/souhaila/turtle_ws/build/robot/prefix_override:/usr/lib/python3/dist-packages/colcon_core/task/python/colcon_distutils_commands:/home/souhaila/turtle_ws/install/robot/lib/python3.10/site-packages:${PYTHONPATH} /usr/bin/python3 -W ignore:setup.py install is deprecated -W ignore:easy_install command is deprecated setup.py egg_info --egg-base ../../build/robot build --build-base /home/souhaila/turtle_ws/build/robot/build install --record /home/souhaila/turtle_ws/build/robot/install.log --single-version-externally-managed install_data
[1.565s] running egg_info
[1.565s] creating ../../build/robot/robot.egg-info
[1.565s] writing ../../build/robot/robot.egg-info/PKG-INFO
[1.566s] writing dependency_links to ../../build/robot/robot.egg-info/dependency_links.txt
[1.566s] writing entry points to ../../build/robot/robot.egg-info/entry_points.txt
[1.566s] writing requirements to ../../build/robot/robot.egg-info/requires.txt
[1.566s] writing top-level names to ../../build/robot/robot.egg-info/top_level.txt
[1.566s] writing manifest file '../../build/robot/robot.egg-info/SOURCES.txt'
[1.575s] reading manifest file '../../build/robot/robot.egg-info/SOURCES.txt'
[1.579s] writing manifest file '../../build/robot/robot.egg-info/SOURCES.txt'
[1.579s] running build
[1.579s] running build_py
[1.593s] creating /home/souhaila/turtle_ws/build/robot/build
[1.593s] creating /home/souhaila/turtle_ws/build/robot/build/lib
[1.593s] creating /home/souhaila/turtle_ws/build/robot/build/lib/robot
[1.593s] copying robot/robot_node.py -> /home/souhaila/turtle_ws/build/robot/build/lib/robot
[1.593s] copying robot/__init__.py -> /home/souhaila/turtle_ws/build/robot/build/lib/robot
[1.594s] running install
[1.594s] running install_lib
[1.594s] creating /home/souhaila/turtle_ws/install/robot/lib/python3.10/site-packages/robot
[1.594s] copying /home/souhaila/turtle_ws/build/robot/build/lib/robot/robot_node.py -> /home/souhaila/turtle_ws/install/robot/lib/python3.10/site-packages/robot
[1.594s] copying /home/souhaila/turtle_ws/build/robot/build/lib/robot/__init__.py -> /home/souhaila/turtle_ws/install/robot/lib/python3.10/site-packages/robot
[1.594s] byte-compiling /home/souhaila/turtle_ws/install/robot/lib/python3.10/site-packages/robot/robot_node.py to robot_node.cpython-310.pyc
[1.594s] byte-compiling /home/souhaila/turtle_ws/install/robot/lib/python3.10/site-packages/robot/__init__.py to __init__.cpython-310.pyc
[1.594s] running install_data
[1.594s] creating /home/souhaila/turtle_ws/install/robot/share/ament_index
[1.594s] creating /home/souhaila/turtle_ws/install/robot/share/ament_index/resource_index
[1.594s] creating /home/souhaila/turtle_ws/install/robot/share/ament_index/resource_index/packages
[1.594s] copying resource/robot -> /home/souhaila/turtle_ws/install/robot/share/ament_index/resource_index/packages
[1.594s] copying package.xml -> /home/souhaila/turtle_ws/install/robot/share/robot
[1.594s] running install_egg_info
[1.595s] Copying ../../build/robot/robot.egg-info to /home/souhaila/turtle_ws/install/robot/lib/python3.10/site-packages/robot-0.0.0-py3.10.egg-info
[1.595s] running install_scripts
[1.618s] Installing robot_node script to /home/souhaila/turtle_ws/install/robot/lib/robot
[1.619s] writing list of installed files to '/home/souhaila/turtle_ws/build/robot/install.log'
[1.664s] Invoked command in '/home/souhaila/turtle_ws/src/robot' returned '0': PYTHONPATH=/home/souhaila/turtle_ws/build/robot/prefix_override:/usr/lib/python3/dist-packages/colcon_core/task/python/colcon_distutils_commands:/home/souhaila/turtle_ws/install/robot/lib/python3.10/site-packages:${PYTHONPATH} /usr/bin/python3 -W ignore:setup.py install is deprecated -W ignore:easy_install command is deprecated setup.py egg_info --egg-base ../../build/robot build --build-base /home/souhaila/turtle_ws/build/robot/build install --record /home/souhaila/turtle_ws/build/robot/install.log --single-version-externally-managed install_data
